ShipperApplication/app/build/intermediates/manifest_merge_blame_file/debug/manifest-merger-blame-debug-report.txt
1<?xml version="1.0" encoding="utf-8"?>
2<manifest xmlns:android="http://schemas.android.com/apk/res/android"
3    package="com.example.shipperapplication"
4    android:versionCode="1"
5    android:versionName="1.0" >
6
7    <uses-sdk
8        android:minSdkVersion="24"
9        android:targetSdkVersion="34" />
10
11    <uses-permission android:name="android.permission.INTERNET" />
11-->src\main\AndroidManifest.xml:4:5-67
11-->src\main\AndroidManifest.xml:4:22-64
12    <uses-permission android:name="android.permission.ACCESS_COARSE_LOCATION" />
12-->src\main\AndroidManifest.xml:5:5-81
12-->src\main\AndroidManifest.xml:5:22-78
13    <uses-permission android:name="android.permission.ACCESS_FINE_LOCATION" />
13-->src\main\AndroidManifest.xml:6:5-79
13-->src\main\AndroidManifest.xml:6:22-76
14    <uses-permission android:name="android.permission.ACCESS_NETWORK_STATE" />
14-->[com.google.firebase:firebase-messaging:24.0.0] AndroidManifest.xml:22:5-79
14-->[com.google.firebase:firebase-messaging:24.0.0] AndroidManifest.xml:22:22-76
15    <uses-permission android:name="android.permission.POST_NOTIFICATIONS" />
15-->[com.google.firebase:firebase-messaging:24.0.0] AndroidManifest.xml:23:5-77
15-->[com.google.firebase:firebase-messaging:24.0.0] AndroidManifest.xml:23:22-74
16    <uses-permission android:name="android.permission.WAKE_LOCK" /> <!-- Required by older versions of Google Play services to create IID tokens -->
16-->[com.google.firebase:firebase-messaging:24.0.0] AndroidManifest.xml:24:5-68
16-->[com.google.firebase:firebase-messaging:24.0.0] AndroidManifest.xml:24:22-65
17    <uses-permission android:name="com.google.android.c2dm.permission.RECEIVE" />
17-->[com.google.firebase:firebase-messaging:24.0.0] AndroidManifest.xml:26:5-82
17-->[com.google.firebase:firebase-messaging:24.0.0] AndroidManifest.xml:26:22-79
18
19    <permission
19-->[androidx.core:core:1.13.0] AndroidManifest.xml:22:5-24:47
20        android:name="com.example.shipperapplication.DYNAMIC_RECEIVER_NOT_EXPORTED_PERMISSION"
20-->[androidx.core:core:1.13.0] AndroidManifest.xml:23:9-81
21        android:protectionLevel="signature" />
21-->[androidx.core:core:1.13.0] AndroidManifest.xml:24:9-44
22
23    <uses-permission android:name="com.example.shipperapplication.DYNAMIC_RECEIVER_NOT_EXPORTED_PERMISSION" />
23-->[androidx.core:core:1.13.0] AndroidManifest.xml:26:5-97
23-->[androidx.core:core:1.13.0] AndroidManifest.xml:26:22-94
24
25    <application
25-->src\main\AndroidManifest.xml:7:5-37:19
26        android:allowBackup="true"
26-->src\main\AndroidManifest.xml:8:9-35
27        android:appComponentFactory="androidx.core.app.CoreComponentFactory"
27-->[androidx.core:core:1.13.0] AndroidManifest.xml:28:18-86
28        android:dataExtractionRules="@xml/data_extraction_rules"
28-->src\main\AndroidManifest.xml:9:9-65
29        android:debuggable="true"
30        android:enableOnBackInvokedCallback="true"
30-->src\main\AndroidManifest.xml:16:9-51
31        android:extractNativeLibs="false"
32        android:fullBackupContent="@xml/backup_rules"
32-->src\main\AndroidManifest.xml:10:9-54
33        android:icon="@mipmap/ic_launcher"
33-->src\main\AndroidManifest.xml:11:9-43
34        android:label="@string/app_name"
34-->src\main\AndroidManifest.xml:12:9-41
35        android:roundIcon="@mipmap/ic_launcher_round"
35-->src\main\AndroidManifest.xml:13:9-54
36        android:supportsRtl="true"
36-->src\main\AndroidManifest.xml:14:9-35
37        android:testOnly="true"
38        android:theme="@style/Theme.ShipperApplication"
38-->src\main\AndroidManifest.xml:15:9-56
39        android:usesCleartextTraffic="true" >
39-->src\main\AndroidManifest.xml:17:9-44
40        <activity
40-->src\main\AndroidManifest.xml:19:9-21:40
41            android:name="com.example.shipperapplication.VerifyOtpActivity"
41-->src\main\AndroidManifest.xml:20:13-46
42            android:exported="false" />
42-->src\main\AndroidManifest.xml:21:13-37
43        <activity
43-->src\main\AndroidManifest.xml:22:9-24:39
44            android:name="com.example.shipperapplication.ShipperPanelBottomNavigationActivity"
44-->src\main\AndroidManifest.xml:23:13-65
45            android:exported="false" />
45-->src\main\AndroidManifest.xml:24:13-37
46        <activity
46-->src\main\AndroidManifest.xml:25:9-27:40
47            android:name="com.example.shipperapplication.Register"
47-->src\main\AndroidManifest.xml:26:13-37
48            android:exported="false" />
48-->src\main\AndroidManifest.xml:27:13-37
49        <activity
49-->src\main\AndroidManifest.xml:28:9-36:20
50            android:name="com.example.shipperapplication.MainActivity"
50-->src\main\AndroidManifest.xml:29:13-41
51            android:exported="true" >
51-->src\main\AndroidManifest.xml:30:13-36
52            <intent-filter>
52-->src\main\AndroidManifest.xml:31:13-35:29
53                <action android:name="android.intent.action.MAIN" />
53-->src\main\AndroidManifest.xml:32:17-69
53-->src\main\AndroidManifest.xml:32:25-66
54
55                <category android:name="android.intent.category.LAUNCHER" />
55-->src\main\AndroidManifest.xml:34:17-77
55-->src\main\AndroidManifest.xml:34:27-74
56            </intent-filter>
57        </activity>
58
59        <receiver
59-->[com.google.firebase:firebase-messaging:24.0.0] AndroidManifest.xml:29:9-40:20
60            android:name="com.google.firebase.iid.FirebaseInstanceIdReceiver"
60-->[com.google.firebase:firebase-messaging:24.0.0] AndroidManifest.xml:30:13-78
61            android:exported="true"
61-->[com.google.firebase:firebase-messaging:24.0.0] AndroidManifest.xml:31:13-36
62            android:permission="com.google.android.c2dm.permission.SEND" >
62-->[com.google.firebase:firebase-messaging:24.0.0] AndroidManifest.xml:32:13-73
63            <intent-filter>
63-->[com.google.firebase:firebase-messaging:24.0.0] AndroidManifest.xml:33:13-35:29
64                <action android:name="com.google.android.c2dm.intent.RECEIVE" />
64-->[com.google.firebase:firebase-messaging:24.0.0] AndroidManifest.xml:34:17-81
64-->[com.google.firebase:firebase-messaging:24.0.0] AndroidManifest.xml:34:25-78
65            </intent-filter>
66
67            <meta-data
67-->[com.google.firebase:firebase-messaging:24.0.0] AndroidManifest.xml:37:13-39:40
68                android:name="com.google.android.gms.cloudmessaging.FINISHED_AFTER_HANDLED"
68-->[com.google.firebase:firebase-messaging:24.0.0] AndroidManifest.xml:38:17-92
69                android:value="true" />
69-->[com.google.firebase:firebase-messaging:24.0.0] AndroidManifest.xml:39:17-37
70        </receiver>
71        <!--
72             FirebaseMessagingService performs security checks at runtime,
73             but set to not exported to explicitly avoid allowing another app to call it.
74        -->
75        <service
75-->[com.google.firebase:firebase-messaging:24.0.0] AndroidManifest.xml:46:9-53:19
76            android:name="com.google.firebase.messaging.FirebaseMessagingService"
76-->[com.google.firebase:firebase-messaging:24.0.0] AndroidManifest.xml:47:13-82
77            android:directBootAware="true"
77-->[com.google.firebase:firebase-messaging:24.0.0] AndroidManifest.xml:48:13-43
78            android:exported="false" >
78-->[com.google.firebase:firebase-messaging:24.0.0] AndroidManifest.xml:49:13-37
79            <intent-filter android:priority="-500" >
79-->[com.google.firebase:firebase-messaging:24.0.0] AndroidManifest.xml:50:13-52:29
79-->[com.google.firebase:firebase-messaging:24.0.0] AndroidManifest.xml:50:28-51
80                <action android:name="com.google.firebase.MESSAGING_EVENT" />
80-->[com.google.firebase:firebase-messaging:24.0.0] AndroidManifest.xml:51:17-78
80-->[com.google.firebase:firebase-messaging:24.0.0] AndroidManifest.xml:51:25-75
81            </intent-filter>
82        </service>
83        <service
83-->[com.google.firebase:firebase-messaging:24.0.0] AndroidManifest.xml:54:9-63:19
84            android:name="com.google.firebase.components.ComponentDiscoveryService"
84-->[com.google.firebase:firebase-messaging:24.0.0] AndroidManifest.xml:55:13-84
85            android:directBootAware="true"
85-->[com.google.firebase:firebase-common:21.0.0] AndroidManifest.xml:32:13-43
86            android:exported="false" >
86-->[com.google.firebase:firebase-messaging:24.0.0] AndroidManifest.xml:56:13-37
87            <meta-data
87-->[com.google.firebase:firebase-messaging:24.0.0] AndroidManifest.xml:57:13-59:85
88                android:name="com.google.firebase.components:com.google.firebase.messaging.FirebaseMessagingKtxRegistrar"
88-->[com.google.firebase:firebase-messaging:24.0.0] AndroidManifest.xml:58:17-122
89                android:value="com.google.firebase.components.ComponentRegistrar" />
89-->[com.google.firebase:firebase-messaging:24.0.0] AndroidManifest.xml:59:17-82
90            <meta-data
90-->[com.google.firebase:firebase-messaging:24.0.0] AndroidManifest.xml:60:13-62:85
91                android:name="com.google.firebase.components:com.google.firebase.messaging.FirebaseMessagingRegistrar"
91-->[com.google.firebase:firebase-messaging:24.0.0] AndroidManifest.xml:61:17-119
92                android:value="com.google.firebase.components.ComponentRegistrar" />
92-->[com.google.firebase:firebase-messaging:24.0.0] AndroidManifest.xml:62:17-82
93            <meta-data
93-->[com.google.firebase:firebase-installations:17.2.0] AndroidManifest.xml:15:13-17:85
94                android:name="com.google.firebase.components:com.google.firebase.installations.FirebaseInstallationsKtxRegistrar"
94-->[com.google.firebase:firebase-installations:17.2.0] AndroidManifest.xml:16:17-130
95                android:value="com.google.firebase.components.ComponentRegistrar" />
95-->[com.google.firebase:firebase-installations:17.2.0] AndroidManifest.xml:17:17-82
96            <meta-data
96-->[com.google.firebase:firebase-installations:17.2.0] AndroidManifest.xml:18:13-20:85
97                android:name="com.google.firebase.components:com.google.firebase.installations.FirebaseInstallationsRegistrar"
97-->[com.google.firebase:firebase-installations:17.2.0] AndroidManifest.xml:19:17-127
98                android:value="com.google.firebase.components.ComponentRegistrar" />
98-->[com.google.firebase:firebase-installations:17.2.0] AndroidManifest.xml:20:17-82
99            <meta-data
99-->[com.google.firebase:firebase-common-ktx:21.0.0] AndroidManifest.xml:12:13-14:85
100                android:name="com.google.firebase.components:com.google.firebase.ktx.FirebaseCommonLegacyRegistrar"
100-->[com.google.firebase:firebase-common-ktx:21.0.0] AndroidManifest.xml:13:17-116
101                android:value="com.google.firebase.components.ComponentRegistrar" />
101-->[com.google.firebase:firebase-common-ktx:21.0.0] AndroidManifest.xml:14:17-82
102            <meta-data
102-->[com.google.firebase:firebase-common:21.0.0] AndroidManifest.xml:35:13-37:85
103                android:name="com.google.firebase.components:com.google.firebase.FirebaseCommonKtxRegistrar"
103-->[com.google.firebase:firebase-common:21.0.0] AndroidManifest.xml:36:17-109
104                android:value="com.google.firebase.components.ComponentRegistrar" />
104-->[com.google.firebase:firebase-common:21.0.0] AndroidManifest.xml:37:17-82
105            <meta-data
105-->[com.google.firebase:firebase-datatransport:18.2.0] AndroidManifest.xml:25:13-27:85
106                android:name="com.google.firebase.components:com.google.firebase.datatransport.TransportRegistrar"
106-->[com.google.firebase:firebase-datatransport:18.2.0] AndroidManifest.xml:26:17-115
107                android:value="com.google.firebase.components.ComponentRegistrar" />
107-->[com.google.firebase:firebase-datatransport:18.2.0] AndroidManifest.xml:27:17-82
108        </service>
109
110        <activity
110-->[com.google.android.gms:play-services-base:18.3.0] AndroidManifest.xml:20:9-22:45
111            android:name="com.google.android.gms.common.api.GoogleApiActivity"
111-->[com.google.android.gms:play-services-base:18.3.0] AndroidManifest.xml:20:19-85
112            android:exported="false"
112-->[com.google.android.gms:play-services-base:18.3.0] AndroidManifest.xml:22:19-43
113            android:theme="@android:style/Theme.Translucent.NoTitleBar" />
113-->[com.google.android.gms:play-services-base:18.3.0] AndroidManifest.xml:21:19-78
114
115        <provider
115-->[com.google.firebase:firebase-common:21.0.0] AndroidManifest.xml:23:9-28:39
116            android:name="com.google.firebase.provider.FirebaseInitProvider"
116-->[com.google.firebase:firebase-common:21.0.0] AndroidManifest.xml:24:13-77
117            android:authorities="com.example.shipperapplication.firebaseinitprovider"
117-->[com.google.firebase:firebase-common:21.0.0] AndroidManifest.xml:25:13-72
118            android:directBootAware="true"
118-->[com.google.firebase:firebase-common:21.0.0] AndroidManifest.xml:26:13-43
119            android:exported="false"
119-->[com.google.firebase:firebase-common:21.0.0] AndroidManifest.xml:27:13-37
120            android:initOrder="100" />
120-->[com.google.firebase:firebase-common:21.0.0] AndroidManifest.xml:28:13-36
121        <provider
121-->[androidx.emoji2:emoji2:1.2.0] AndroidManifest.xml:24:9-32:20
122            android:name="androidx.startup.InitializationProvider"
122-->[androidx.emoji2:emoji2:1.2.0] AndroidManifest.xml:25:13-67
123            android:authorities="com.example.shipperapplication.androidx-startup"
123-->[androidx.emoji2:emoji2:1.2.0] AndroidManifest.xml:26:13-68
124            android:exported="false" >
124-->[androidx.emoji2:emoji2:1.2.0] AndroidManifest.xml:27:13-37
125            <meta-data
125-->[androidx.emoji2:emoji2:1.2.0] AndroidManifest.xml:29:13-31:52
126                android:name="androidx.emoji2.text.EmojiCompatInitializer"
126-->[androidx.emoji2:emoji2:1.2.0] AndroidManifest.xml:30:17-75
127                android:value="androidx.startup" />
127-->[androidx.emoji2:emoji2:1.2.0] AndroidManifest.xml:31:17-49
128            <meta-data
128-->[androidx.lifecycle:lifecycle-process:2.6.2] AndroidManifest.xml:29:13-31:52
129                android:name="androidx.lifecycle.ProcessLifecycleInitializer"
129-->[androidx.lifecycle:lifecycle-process:2.6.2] AndroidManifest.xml:30:17-78
130                android:value="androidx.startup" />
130-->[androidx.lifecycle:lifecycle-process:2.6.2] AndroidManifest.xml:31:17-49
131            <meta-data
131-->[androidx.profileinstaller:profileinstaller:1.3.0] AndroidManifest.xml:29:13-31:52
132                android:name="androidx.profileinstaller.ProfileInstallerInitializer"
132-->[androidx.profileinstaller:profileinstaller:1.3.0] AndroidManifest.xml:30:17-85
133                android:value="androidx.startup" />
133-->[androidx.profileinstaller:profileinstaller:1.3.0] AndroidManifest.xml:31:17-49
134        </provider>
135
136        <meta-data
136-->[com.google.android.gms:play-services-basement:18.3.0] AndroidManifest.xml:21:9-23:69
137            android:name="com.google.android.gms.version"
137-->[com.google.android.gms:play-services-basement:18.3.0] AndroidManifest.xml:22:13-58
138            android:value="@integer/google_play_services_version" />
138-->[com.google.android.gms:play-services-basement:18.3.0] AndroidManifest.xml:23:13-66
139
140        <service
140-->[com.google.android.datatransport:transport-backend-cct:3.1.9] AndroidManifest.xml:28:9-34:19
141            android:name="com.google.android.datatransport.runtime.backends.TransportBackendDiscovery"
141-->[com.google.android.datatransport:transport-backend-cct:3.1.9] AndroidManifest.xml:29:13-103
142            android:exported="false" >
142-->[com.google.android.datatransport:transport-backend-cct:3.1.9] AndroidManifest.xml:30:13-37
143            <meta-data
143-->[com.google.android.datatransport:transport-backend-cct:3.1.9] AndroidManifest.xml:31:13-33:39
144                android:name="backend:com.google.android.datatransport.cct.CctBackendFactory"
144-->[com.google.android.datatransport:transport-backend-cct:3.1.9] AndroidManifest.xml:32:17-94
145                android:value="cct" />
145-->[com.google.android.datatransport:transport-backend-cct:3.1.9] AndroidManifest.xml:33:17-36
146        </service>
147        <service
147-->[com.google.android.datatransport:transport-runtime:3.1.9] AndroidManifest.xml:26:9-30:19
148            android:name="com.google.android.datatransport.runtime.scheduling.jobscheduling.JobInfoSchedulerService"
148-->[com.google.android.datatransport:transport-runtime:3.1.9] AndroidManifest.xml:27:13-117
149            android:exported="false"
149-->[com.google.android.datatransport:transport-runtime:3.1.9] AndroidManifest.xml:28:13-37
150            android:permission="android.permission.BIND_JOB_SERVICE" >
150-->[com.google.android.datatransport:transport-runtime:3.1.9] AndroidManifest.xml:29:13-69
151        </service>
152
153        <receiver
153-->[com.google.android.datatransport:transport-runtime:3.1.9] AndroidManifest.xml:32:9-34:40
154            android:name="com.google.android.datatransport.runtime.scheduling.jobscheduling.AlarmManagerSchedulerBroadcastReceiver"
154-->[com.google.android.datatransport:transport-runtime:3.1.9] AndroidManifest.xml:33:13-132
155            android:exported="false" />
155-->[com.google.android.datatransport:transport-runtime:3.1.9] AndroidManifest.xml:34:13-37
156        <receiver
156-->[androidx.profileinstaller:profileinstaller:1.3.0] AndroidManifest.xml:34:9-52:20
157            android:name="androidx.profileinstaller.ProfileInstallReceiver"
157-->[androidx.profileinstaller:profileinstaller:1.3.0] AndroidManifest.xml:35:13-76
158            android:directBootAware="false"
158-->[androidx.profileinstaller:profileinstaller:1.3.0] AndroidManifest.xml:36:13-44
159            android:enabled="true"
159-->[androidx.profileinstaller:profileinstaller:1.3.0] AndroidManifest.xml:37:13-35
160            android:exported="true"
160-->[androidx.profileinstaller:profileinstaller:1.3.0] AndroidManifest.xml:38:13-36
161            android:permission="android.permission.DUMP" >
161-->[androidx.profileinstaller:profileinstaller:1.3.0] AndroidManifest.xml:39:13-57
162            <intent-filter>
162-->[androidx.profileinstaller:profileinstaller:1.3.0] AndroidManifest.xml:40:13-42:29
163                <action android:name="androidx.profileinstaller.action.INSTALL_PROFILE" />
163-->[androidx.profileinstaller:profileinstaller:1.3.0] AndroidManifest.xml:41:17-91
163-->[androidx.profileinstaller:profileinstaller:1.3.0] AndroidManifest.xml:41:25-88
164            </intent-filter>
165            <intent-filter>
165-->[androidx.profileinstaller:profileinstaller:1.3.0] AndroidManifest.xml:43:13-45:29
166                <action android:name="androidx.profileinstaller.action.SKIP_FILE" />
166-->[androidx.profileinstaller:profileinstaller:1.3.0] AndroidManifest.xml:44:17-85
166-->[androidx.profileinstaller:profileinstaller:1.3.0] AndroidManifest.xml:44:25-82
167            </intent-filter>
168            <intent-filter>
168-->[androidx.profileinstaller:profileinstaller:1.3.0] AndroidManifest.xml:46:13-48:29
169                <action android:name="androidx.profileinstaller.action.SAVE_PROFILE" />
169-->[androidx.profileinstaller:profileinstaller:1.3.0] AndroidManifest.xml:47:17-88
169-->[androidx.profileinstaller:profileinstaller:1.3.0] AndroidManifest.xml:47:25-85
170            </intent-filter>
171            <intent-filter>
171-->[androidx.profileinstaller:profileinstaller:1.3.0] AndroidManifest.xml:49:13-51:29
172                <action android:name="androidx.profileinstaller.action.BENCHMARK_OPERATION" />
172-->[androidx.profileinstaller:profileinstaller:1.3.0] AndroidManifest.xml:50:17-95
172-->[androidx.profileinstaller:profileinstaller:1.3.0] AndroidManifest.xml:50:25-92
173            </intent-filter>
174        </receiver>
175    </application>
176
177</manifest>